Log file is created. Wed Apr  6 21:58:06 2022


processing configuration file /mnt/ssd/rbayerlein/explorer/recon_data_temp/JEPROGMHDV/cfg_attn_fp_exp/lmrecon_attn_fp_exp_f2.cfg ...
checking line 1 ... 
found option 'detector_ring_diameter'
checking line 2 ... 
found option 'crystal_size'
checking line 3 ... 
found option 'crystal_gap_size'
checking line 4 ... 
found option 'crystal_array_size'
checking line 5 ... 
found option 'number_of_detector_modules'
checking line 6 ... 
found option 'number_of_radial_bins'
checking line 7 ... 
found option 'voxel_size'
checking line 8 ... 
found option 'image_size'
checking line 9 ... 
found option 'iterative_algorithm_type'
checking line 10 ... 
found option 'initial_guess'
checking line 11 ... 
found option 'warmup_setting'
checking line 12 ... 
found option 'iteration_setting'
checking line 13 ... 
found option 'regularizer_strength'
checking line 14 ... 
found option 'regularizer_model_type'
checking line 15 ... 
found option 'regularizer_potential_function_type'
checking line 16 ... 
found option 'regularizer_neighborhood_properties'
checking line 17 ... 
found option 'regularizer_buildin_parameter_list'
checking line 18 ... 
found option 'input_raw_data_file'
checking line 19 ... 
found option 'input_raw_data_format_type'
checking line 20 ... 
found option 'reconstruction_output_setting'
checking line 21 ... 
nothing
validating minimum requirement ...
extracting parameters ...
checking 'image_size' at line 8 ... ok.
checking 'voxel_size' at line 7 ... ok.
checking 'detector_ring_diameter' at line 1 ... ok.
checking 'crystal_size' at line 2 ... ok.
checking 'crystal_gap_size' at line 3 ... ok.
checking 'crystal_array_size' at line 4 ... ok.
checking 'number_of_detector_modules' at line 5 ... ok.
checking 'number_of_radial_bins' at line 6 ... ok.
checking 'initial_guess' at line 10 ... ok.
checking 'reconstruction_output_setting' at line 20 ... ok.
checking 'iterative_algorithm_type' at line 9 ... ok.
checking 'regularizer_strength' at line 13 ... ok.
checking 'regularizer_model_type' at line 14 ... ok.
checking 'regularizer_potential_function_type' at line 15 ... ok.
checking 'regularizer_neighborhood_properties' at line 16 ... ok.
checking 'regularizer_buildin_parameter_list' at line 17 ... scanning parameter list '1e-10' ...
trying 1 ... 
trying 2 ... 
too few parameters
number of buildin parameters detected: 1
ok.
checking 'warmup_setting' at line 11 ... ok.
checking 'iteration_setting' at line 12 ... ok.
checking 'input_raw_data_file' at line 18 ... ok.
checking 'input_raw_data_format_type' at line 19 ... ok.
initialized number of threads: 48 (fp) 64 (bp) 64 (reg)
creating projector ...
creating listmode-based projector ...
initializing listmode-based projector ...
double checking projector parameters ...
calculating crystal transaxial positions (centers) ...
calculating crystal ring offsets ...
creating raytracer ... 
precomputing timing window lookup table ...
initializing ipsf model ...
psf intialization error ... , 
listmode projector: intializing sensitivity image ...
read file '' failed. use default sensitivity image.
creating regularizer ...
initializing pairwise MRF regularizer ...
using fair penalty ...
delta = 1.00e-10
1st order neighborhood selected.
creating offsets ...
[ns:0, iso:1], ok.
no spatial variant weight specified ... ignore
reading raw data file ...
checking event file ...
file in /mnt/ssd/rbayerlein/explorer/recon_data_temp/JEPROGMHDV/lm_reorder_f0_prompts.2.lm ...
calculating the number of events ...
number of events found: 423081862
reading events ... (test)
ok.
checking additive factor file ...
file in /mnt/ssd/rbayerlein/explorer/recon_data_temp/JEPROGMHDV/lm_reorder_f0_prompts.2.lm.add_fac ...
open file failed: /mnt/ssd/rbayerlein/explorer/recon_data_temp/JEPROGMHDV/lm_reorder_f0_prompts.2.lm.add_fac.
assuming default value ...
checking multiplicative factor file ...
file in /mnt/ssd/rbayerlein/explorer/recon_data_temp/JEPROGMHDV/lm_reorder_f0_prompts.2.lm.mul_fac ...
open file failed: /mnt/ssd/rbayerlein/explorer/recon_data_temp/JEPROGMHDV/lm_