Log file is created. Tue Jun  4 11:19:03 2019


processing configuration file /run/media/meduser/data/explorer_timingdata/sensitivity_sensitivity_192708/PET/RawData/1.2.156.112605.18587648329783.190525033146.9.9556.23581/bin_new_sw_crysflip/lmacc_scanner_parameter_f0.cfg ...
checking line 1 ... 
found option 'detector_ring_diameter'
checking line 2 ... 
nothing
checking line 3 ... 
found option 'crystal_size'
checking line 4 ... 
nothing
checking line 5 ... 
found option 'crystal_gap_size'
checking line 6 ... 
nothing
checking line 7 ... 
found option 'crystal_array_size'
checking line 8 ... 
nothing
checking line 9 ... 
found option 'number_of_detector_modules'
checking line 10 ... 
nothing
checking line 11 ... 
found option 'TOF_information'
checking line 12 ... 
nothing
checking line 13 ... 
found option 'number_of_radial_bins'
checking line 14 ... 
nothing
checking line 15 ... 
found option 'image_size'
checking line 16 ... 
nothing
checking line 17 ... 
found option 'voxel_size'
checking line 18 ... 
nothing
checking line 19 ... 
found option 'sensitivity'
checking line 20 ... 
nothing
checking line 21 ... 
found option 'iPSF_model'
checking line 22 ... 
nothing
checking line 23 ... 
found option 'iterative_algorithm_type'
checking line 24 ... 
nothing
checking line 25 ... 
found option 'warmup_setting'
checking line 26 ... 
nothing
checking line 27 ... 
found option 'regularizer_strength'
checking line 28 ... 
nothing
checking line 29 ... 
found option 'regularizer_model_type'
checking line 30 ... 
nothing
checking line 31 ... 
found option 'regularizer_potential_function_type'
checking line 32 ... 
nothing
checking line 33 ... 
found option 'regularizer_neighborhood_properties'
checking line 34 ... 
nothing
checking line 35 ... 
found option 'regularizer_buildin_parameter_list'
checking line 36 ... 
nothing
checking line 37 ... 
found option 'iteration_setting'
checking line 38 ... 
nothing
checking line 39 ... 
found option 'input_raw_data_file'
checking line 40 ... 
nothing
checking line 41 ... 
found option 'input_raw_data_format_type'
checking line 42 ... 
nothing
checking line 43 ... 
found option 'reconstruction_output_setting'
checking line 44 ... 
nothing
validating minimum requirement ...
extracting parameters ...
checking 'image_size' at line 15 ... ok.
checking 'voxel_size' at line 17 ... ok.
checking 'detector_ring_diameter' at line 1 ... ok.
checking 'crystal_size' at line 3 ... ok.
checking 'crystal_gap_size' at line 5 ... ok.
checking 'crystal_array_size' at line 7 ... ok.
checking 'number_of_detector_modules' at line 9 ... ok.
checking 'number_of_radial_bins' at line 13 ... ok.
checking 'sensitivity' at line 19 ... ok.
checking 'TOF_information' at line 11 ... ok.
checking 'iPSF_model' at line 21 ... ok.
checking 'reconstruction_output_setting' at line 43 ... ok.
checking 'iterative_algorithm_type' at line 23 ... ok.
checking 'regularizer_strength' at line 27 ... ok.
checking 'regularizer_model_type' at line 29 ... ok.
checking 'regularizer_potential_function_type' at line 31 ... ok.
checking 'regularizer_neighborhood_properties' at line 33 ... ok.
checking 'regularizer_buildin_parameter_list' at line 35 ... scanning parameter list '1e-10' ...
trying 1 ... 
trying 2 ... 
too few parameters
number of buildin parameters detected: 1
ok.
checking 'warmup_setting' at line 25 ... invalid parameter '-1,1', note: should be 2 positive integers
warning: warmup setting will be disabled.ok.
checking 'iteration_setting' at line 37 ... ok.
checking 'input_raw_data_file' at line 39 ... ok.
checking 'input_raw_data_format_type' at line 41 ... ok.
initialized number of threads: 64 (fp) 64 (bp) 64 (reg)
creating projector ...
creating listmode-based projector ...
initializing listmode-based projector ...
double checking projector parameters ...
calculating crystal transaxial positions (centers) ...
calculating crystal ring offsets ...
creating raytracer ... 
precomputing timing window lookup table ...
initializing ipsf model ...
listmode projector: intializing sensitivity image ...
creating regularizer ...
initializ