Log file is created. Wed Nov 17 13:56:46 2021


processing configuration file /mnt/ssd/rbayerlein/explorer/recon_data_temp/TEHXUSFZGK/lmacc_scanner_parameter_f0.cfg ...
checking line 1 ... 
found option 'detector_ring_diameter'
checking line 2 ... 
nothing
checking line 3 ... 
found option 'crystal_size'
checking line 4 ... 
nothing
checking line 5 ... 
found option 'crystal_gap_size'
checking line 6 ... 
nothing
checking line 7 ... 
found option 'crystal_array_size'
checking line 8 ... 
nothing
checking line 9 ... 
found option 'number_of_detector_modules'
checking line 10 ... 
nothing
checking line 11 ... 
found option 'TOF_information'
checking line 12 ... 
nothing
checking line 13 ... 
found option 'number_of_radial_bins'
checking line 14 ... 
nothing
checking line 15 ... 
found option 'image_size'
checking line 16 ... 
nothing
checking line 17 ... 
found option 'voxel_size'
checking line 18 ... 
nothing
checking line 19 ... 
found option 'sensitivity'
checking line 20 ... 
nothing
checking line 21 ... 
found option 'iPSF_model'
checking line 22 ... 
nothing
checking line 23 ... 
found option 'iterative_algorithm_type'
checking line 24 ... 
nothing
checking line 25 ... 
found option 'warmup_setting'
checking line 26 ... 
nothing
checking line 27 ... 
found option 'regularizer_strength'
checking line 28 ... 
nothing
checking line 29 ... 
found option 'regularizer_model_type'
checking line 30 ... 
nothing
checking line 31 ... 
found option 'regularizer_potential_function_type'
checking line 32 ... 
nothing
checking line 33 ... 
found option 'regularizer_neighborhood_properties'
checking line 34 ... 
nothing
checking line 35 ... 
found option 'regularizer_buildin_parameter_list'
checking line 36 ... 
nothing
checking line 37 ... 
found option 'iteration_setting'
checking line 38 ... 
nothing
checking line 39 ... 
found option 'initial_guess'
checking line 40 ... 
nothing
checking line 41 ... 
found option 'input_raw_data_file'
checking line 42 ... 
nothing
checking line 43 ... 
found option 'input_raw_data_format_type'
checking line 44 ... 
nothing
checking line 45 ... 
found option 'reconstruction_output_setting'
checking line 46 ... 
nothing
validating minimum requirement ...
extracting parameters ...
checking 'image_size' at line 15 ... ok.
checking 'voxel_size' at line 17 ... ok.
checking 'detector_ring_diameter' at line 1 ... ok.
checking 'crystal_size' at line 3 ... ok.
checking 'crystal_gap_size' at line 5 ... ok.
checking 'crystal_array_size' at line 7 ... ok.
checking 'number_of_detector_modules' at line 9 ... ok.
checking 'number_of_radial_bins' at line 13 ... ok.
checking 'sensitivity' at line 19 ... ok.
checking 'TOF_information' at line 11 ... ok.
checking 'iPSF_model' at line 21 ... ok.
checking 'initial_guess' at line 39 ... ok.
checking 'reconstruction_output_setting' at line 45 ... ok.
checking 'iterative_algorithm_type' at line 23 ... ok.
checking 'regularizer_strength' at line 27 ... ok.
checking 'regularizer_model_type' at line 29 ... ok.
checking 'regularizer_potential_function_type' at line 31 ... ok.
checking 'regularizer_neighborhood_properties' at line 33 ... ok.
checking 'regularizer_buildin_parameter_list' at line 35 ... scanning parameter list '1e-9' ...
trying 1 ... 
trying 2 ... 
too few parameters
number of buildin parameters detected: 1
ok.
checking 'warmup_setting' at line 25 ... invalid parameter '-1,1', note: should be 2 positive integers
warning: warmup setting will be disabled.ok.
checking 'iteration_setting' at line 37 ... ok.
checking 'input_raw_data_file' at line 41 ... ok.
checking 'input_raw_data_format_type' at line 43 ... ok.
initialized number of threads: 64 (fp) 64 (bp) 64 (reg)
creating projector ...
creating listmode-based projector ...
initializing listmode-based projector ...
double checking projector parameters ...
calculating crystal transaxial positions (centers) ...
calculating crystal ring offsets ...
creating raytracer ... 
precomputing timing window lookup table ...
initializing ipsf model ...
listmode projector: intializing sensitivity image ...
creating regularizer ...
initializing pairwise MRF regularizer ...
using fair penalty ...
delta = 1.00e-09
2nd order neighborhood selected.
creating offsets ...
[ns:1, iso:1], ok.
no spatial variant weight specified ... ignore
reading raw data file ...
checking event file ...
file in /mnt/ssd/rbayerlein/explorer/recon_data_temp/TEHXUSFZGK/lm_reorder_f0_prompts.lm ...
calculating the number of events ...
number of events found: 461550762
reading events ...
ok.
checking additive factor file ...
file in /mnt/ssd/rbayerlein/explorer/recon_data_temp/TEHXUSFZGK/lm_reorder_f0_prompts.add_fac ...
ok.
checking multiplicative factor file ...
file in /mnt/ssd/rbayerlein/explorer/recon_data_temp/TEHXUSFZGK/lm_reorder_f0_prompts.mul_fac ...
ok.
reading initial guess, file in '/mnt/ssd/rbayerlein/explorer/recon_data_temp/TEHXUSFZGK/img_guess_next_iter_f0' ...
warning: read initial guess failed [/mnt/ssd/rbayerlein/explorer/recon_data_temp/TEHXUSFZGK/img_guess_next_iter_f0], use default initial guess.
no recon warm-up ...
run PL recon ...
making subsets [13]...
resizing ... 
number of events in subset #1 = 35503905
number of events in subset #2 = 35503905
number of events in subset #3 = 35503905
number of events in subset #4 = 35503905
number of events in subset #5 = 35503905
number of events in subset #6 = 35503905
number of events in subset #7 = 35503905
number of events in subset #8 = 35503905
number of events in subset #9 = 35503905
number of events in subset #10 = 35503905
number of events in subset #11 = 35503904
number of events in subset #12 = 35503904
number of events in subset #13 = 35503904
grouping ...
ok.
EM selected ...
EM-based algorithm ...
getting number of subsets ... 13 ...
allocating temporary images (size: 239,239,679) ...
allocating temporary projections, ... length = 35503905
ready, set, go ... (beta=1.00e-03) 
Timer is started on Wed Nov 17 13:57:00 2021
***** processing iteration #1 (1 in total) *****
processing subset #1 (13 in total) ...
processing subset #2 (13 in total) ...
processing subset #3 (13 in total) ...
processing subset #4 (13 in total) ...
processing subset #5 (13 in total) ...
processing subset #6 (13 in total) ...
processing subset #7 (13 in total) ...
processing subset #8 (13 in total) ...
processing subset #9 (13 in total) ...
processing subset #10 (13 in total) ...
processing subset #11 (13 in total) ...
processing subset #12 (13 in total) ...
processing subset #13 (13 in total) ...
Timer is stop on Wed Nov 17 14:01:05 2021
Elasped time is 244608.88 ms.
save to file '/mnt/ssd/rbayerlein/explorer/recon_data_temp/TEHXUSFZGK/./lmrecon_output_f0.img' ...


Log file is closed. Wed Nov 17 14:01:05 2021

